Performing C SOURCE FILE Test CMAKE_HAVE_LIBC_PTHREAD failed with the following output:
Change Dir: /home/slam327/syn_ws/build/CMakeFiles/CMakeTmp

Run Build Command(s):/usr/bin/make cmTC_c5ce7/fast && /usr/bin/make -f CMakeFiles/cmTC_c5ce7.dir/build.make CMakeFiles/cmTC_c5ce7.dir/build
make[1]: 进入目录“/home/slam327/syn_ws/build/CMakeFiles/CMakeTmp”
Building C object CMakeFiles/cmTC_c5ce7.dir/src.c.o
/home/slam327/anaconda3/envs/rosenv/bin/cc   -DCMAKE_HAVE_LIBC_PTHREAD   -o CMakeFiles/cmTC_c5ce7.dir/src.c.o   -c /home/slam327/syn_ws/build/CMakeFiles/CMakeTmp/src.c
Linking C executable cmTC_c5ce7
/usr/bin/cmake -E cmake_link_script CMakeFiles/cmTC_c5ce7.dir/link.txt --verbose=1
/home/slam327/anaconda3/envs/rosenv/bin/cc  -DCMAKE_HAVE_LIBC_PTHREAD    -rdynamic CMakeFiles/cmTC_c5ce7.dir/src.c.o  -o cmTC_c5ce7 
/home/slam327/anaconda3/envs/rosenv/bin/../lib/gcc/x86_64-conda-linux-gnu/11.2.0/../../../../x86_64-conda-linux-gnu/bin/ld: CMakeFiles/cmTC_c5ce7.dir/src.c.o: in function `main':
src.c:(.text+0x2d): undefined reference to `pthread_create'
/home/slam327/anaconda3/envs/rosenv/bin/../lib/gcc/x86_64-conda-linux-gnu/11.2.0/../../../../x86_64-conda-linux-gnu/bin/ld: src.c:(.text+0x39): undefined reference to `pthread_detach'
/home/slam327/anaconda3/envs/rosenv/bin/../lib/gcc/x86_64-conda-linux-gnu/11.2.0/../../../../x86_64-conda-linux-gnu/bin/ld: src.c:(.text+0x4a): undefined reference to `pthread_join'
/home/slam327/anaconda3/envs/rosenv/bin/../lib/gcc/x86_64-conda-linux-gnu/11.2.0/../../../../x86_64-conda-linux-gnu/bin/ld: src.c:(.text+0x5e): undefined reference to `pthread_atfork'
collect2: error: ld returned 1 exit status
make[1]: *** [CMakeFiles/cmTC_c5ce7.dir/build.make:87：cmTC_c5ce7] 错误 1
make[1]: 离开目录“/home/slam327/syn_ws/build/CMakeFiles/CMakeTmp”
make: *** [Makefile:121：cmTC_c5ce7/fast] 错误 2


Source file was:
#include <pthread.h>

void* test_func(void* data)
{
  return data;
}

int main(void)
{
  pthread_t thread;
  pthread_create(&thread, NULL, test_func, NULL);
  pthread_detach(thread);
  pthread_join(thread, NULL);
  pthread_atfork(NULL, NULL, NULL);
  pthread_exit(NULL);

  return 0;
}

Determining if the function pthread_create exists in the pthreads failed with the following output:
Change Dir: /home/slam327/syn_ws/build/CMakeFiles/CMakeTmp

Run Build Command(s):/usr/bin/make cmTC_978d8/fast && /usr/bin/make -f CMakeFiles/cmTC_978d8.dir/build.make CMakeFiles/cmTC_978d8.dir/build
make[1]: 进入目录“/home/slam327/syn_ws/build/CMakeFiles/CMakeTmp”
Building C object CMakeFiles/cmTC_978d8.dir/CheckFunctionExists.c.o
/home/slam327/anaconda3/envs/rosenv/bin/cc   -DCHECK_FUNCTION_EXISTS=pthread_create   -o CMakeFiles/cmTC_978d8.dir/CheckFunctionExists.c.o   -c /usr/share/cmake-3.16/Modules/CheckFunctionExists.c
Linking C executable cmTC_978d8
/usr/bin/cmake -E cmake_link_script CMakeFiles/cmTC_978d8.dir/link.txt --verbose=1
/home/slam327/anaconda3/envs/rosenv/bin/cc  -DCHECK_FUNCTION_EXISTS=pthread_create    -rdynamic CMakeFiles/cmTC_978d8.dir/CheckFunctionExists.c.o  -o cmTC_978d8  -lpthreads 
/home/slam327/anaconda3/envs/rosenv/bin/../lib/gcc/x86_64-conda-linux-gnu/11.2.0/../../../../x86_64-conda-linux-gnu/bin/ld: cannot find -lpthreads: 没有那个文件或目录
collect2: error: ld returned 1 exit status
make[1]: *** [CMakeFiles/cmTC_978d8.dir/build.make:87：cmTC_978d8] 错误 1
make[1]: 离开目录“/home/slam327/syn_ws/build/CMakeFiles/CMakeTmp”
make: *** [Makefile:121：cmTC_978d8/fast] 错误 2



