The system is: Linux - 5.15.0-131-generic - x86_64
Compiling the C compiler identification source file "CMakeCCompilerId.c" succeeded.
Compiler: /home/slam327/anaconda3/envs/rosenv/bin/cc 
Build flags: 
Id flags:  

The output was:
0


Compilation of the C compiler identification source "CMakeCCompilerId.c" produced "a.out"

The C compiler identification is GNU, found in "/home/slam327/syn_ws/build/CMakeFiles/3.16.3/CompilerIdC/a.out"

Compiling the CXX compiler identification source file "CMakeCXXCompilerId.cpp" succeeded.
Compiler: /usr/bin/c++ 
Build flags: 
Id flags:  

The output was:
0


Compilation of the CXX compiler identification source "CMakeCXXCompilerId.cpp" produced "a.out"

The CXX compiler identification is GNU, found in "/home/slam327/syn_ws/build/CMakeFiles/3.16.3/CompilerIdCXX/a.out"

Determining if the C compiler works passed with the following output:
Change Dir: /home/slam327/syn_ws/build/CMakeFiles/CMakeTmp

Run Build Command(s):/usr/bin/make cmTC_6b02d/fast && /usr/bin/make -f CMakeFiles/cmTC_6b02d.dir/build.make CMakeFiles/cmTC_6b02d.dir/build
make[1]: 进入目录“/home/slam327/syn_ws/build/CMakeFiles/CMakeTmp”
Building C object CMakeFiles/cmTC_6b02d.dir/testCCompiler.c.o
/home/slam327/anaconda3/envs/rosenv/bin/cc    -o CMakeFiles/cmTC_6b02d.dir/testCCompiler.c.o   -c /home/slam327/syn_ws/build/CMakeFiles/CMakeTmp/testCCompiler.c
Linking C executable cmTC_6b02d
/usr/bin/cmake -E cmake_link_script CMakeFiles/cmTC_6b02d.dir/link.txt --verbose=1
/home/slam327/anaconda3/envs/rosenv/bin/cc      -rdynamic CMakeFiles/cmTC_6b02d.dir/testCCompiler.c.o  -o cmTC_6b02d 
make[1]: 离开目录“/home/slam327/syn_ws/build/CMakeFiles/CMakeTmp”



Detecting C compiler ABI info compiled with the following output:
Change Dir: /home/slam327/syn_ws/build/CMakeFiles/CMakeTmp

Run Build Command(s):/usr/bin/make cmTC_9ede6/fast && /usr/bin/make -f CMakeFiles/cmTC_9ede6.dir/build.make CMakeFiles/cmTC_9ede6.dir/build
make[1]: Entering directory '/home/slam327/syn_ws/build/CMakeFiles/CMakeTmp'
Building C object CMakeFiles/cmTC_9ede6.dir/CMakeCCompilerABI.c.o
/home/slam327/anaconda3/envs/rosenv/bin/cc   -v -o CMakeFiles/cmTC_9ede6.dir/CMakeCCompilerABI.c.o   -c /usr/share/cmake-3.16/Modules/CMakeCCompilerABI.c
Reading specs from /home/slam327/anaconda3/envs/rosenv/bin/../lib/gcc/x86_64-conda-linux-gnu/11.2.0/specs
COLLECT_GCC=/home/slam327/anaconda3/envs/rosenv/bin/cc
Target: x86_64-conda-linux-gnu
Configured with: /opt/conda/conda-bld/gcc-compiler_1654084175708/work/gcc/configure --build=x86_64-build_conda-linux-gnu --host=x86_64-build_conda-linux-gnu --target=x86_64-conda-linux-gnu --prefix=/opt/conda/conda-bld/gcc-compiler_1654084175708/work/gcc_built --exec_prefix=/opt/conda/conda-bld/gcc-compiler_1654084175708/work/gcc_built --with-sysroot=/opt/conda/conda-bld/gcc-compiler_1654084175708/work/gcc_built/x86_64-conda-linux-gnu/sysroot --with-local-prefix=/opt/conda/conda-bld/gcc-compiler_1654084175708/work/gcc_built/x86_64-conda-linux-gnu/sysroot --enable-long-long --disable-multilib --disable-nls --with-gmp=/opt/conda/conda-bld/gcc-compiler_1654084175708/work/buildtools --with-mpfr=/opt/conda/conda-bld/gcc-compiler_1654084175708/work/buildtools --with-mpc=/opt/conda/conda-bld/gcc-compiler_1654084175708/work/buildtools --with-isl=/opt/conda/conda-bld/gcc-compiler_1654084175708/work/buildtools --without-zstd --enable-languages=c,c++,fortran,objc,obj-c++ --enable-__cxa_atexit --disable-libmudflap --enable-libgomp --enable-libquadmath --enable-libquadmath-support --enable-libsanitizer --disable-libstdcxx-verbose --enable-lto --enable-libcc1 --enable-threads=posix --enable-plugin --with-pkgversion='Anaconda gcc' --enable-libmpx
Thread model: posix
Supported LTO compression algorithms: zlib
gcc version 11.2.0 (Anaconda gcc) 
COLLECT_GCC_OPTIONS='-v' '-o' 'CMakeFiles/cmTC_9ede6.dir/CMakeCCompilerABI.c.o' '-c' '-mtune=generic' '-march=x86-64' '-dumpdir' 'CMakeFiles/cmTC_9ede6.dir/'
 /home/slam327/anaconda3/envs/rosenv/bin/../libexec/gcc/x86_64-conda-linux-gnu/11.2.0/cc1 -quiet -v -iprefix /home/slam327/anaconda3/envs/rosenv/bin/../lib/gcc/x86_64-conda-linux-gnu/11.2.0/ -isysroot /home/slam327/anaconda3/envs/rosenv/bin/../x86_64-conda-linux-gnu/sysroot /usr/share/cmake-3.16/Modules/CMakeCCompilerABI.c -quiet -dumpdir CMakeFiles/cmTC_9ede6.dir/ -dumpbase CMakeCCompilerABI.c.c -dumpbase-ext .c -mtune=generic -march=x86-64 -version -o /tmp/ccobTBrY.s
GNU C17 (Anaconda gcc) version 11.2.0 (x86_64-conda-linux-gnu)
	compiled by GNU C version 11.2.0, GMP version 6.2.1, MPFR version 4.1.0, MPC version 1.2.1, isl version isl-0.24-GMP

GGC heuristics: --param ggc-min-expand=100 --param ggc-min-heapsize=131072
ignoring nonexistent directory "/home/slam327/anaconda3/envs/rosenv/bin/../lib/gcc/x86_64-conda-linux-gnu/11.2.0/../../../../x86_64-conda-linux-gnu/include"
ignoring duplicate directory "/home/slam327/anaconda3/envs/rosenv/bin/../lib/gcc/../../lib/gcc/x86_64-conda-linux-gnu/11.2.0/include"
ignoring nonexistent directory "/home/slam327/anaconda3/envs/rosenv/bin/../x86_64-conda-linux-gnu/sysroot/opt/conda/conda-bld/gcc-compiler_1654084175708/work/gcc_built/x86_64-conda-linux-gnu/sysroot/include"
ignoring duplicate directory "/home/slam327/anaconda3/envs/rosenv/bin/../lib/gcc/../../lib/gcc/x86_64-conda-linux-gnu/11.2.0/include-fixed"
ignoring nonexistent directory "/home/slam327/anaconda3/envs/rosenv/bin/../lib/gcc/../../lib/gcc/x86_64-conda-linux-gnu/11.2.0/../../../../x86_64-conda-linux-gnu/include"
#include "..." search starts here:
#include <...> search starts here:
 /home/slam327/anaconda3/envs/rosenv/bin/../lib/gcc/x86_64-conda-linux-gnu/11.2.0/include
 /home/slam327/anaconda3/envs/rosenv/bin/../lib/gcc/x86_64-conda-linux-gnu/11.2.0/include-fixed
 /home/slam327/anaconda3/envs/rosenv/bin/../x86_64-conda-linux-gnu/sysroot/usr/include
End of search list.
GNU C17 (Anaconda gcc) version 11.2.0 (x86_64-conda-linux-gnu)
	compiled by GNU C version 11.2.0, GMP version 6.2.1, MPFR version 4.1.0, MPC version 1.2.1, isl version isl-0.24-GMP

GGC heuristics: --param ggc-min-expand=100 --param ggc-min-heapsize=131072
Compiler executable checksum: e1e0bc17a565350666787f1586df2119
COLLECT_GCC_OPTIONS='-v' '-o' 'CMakeFiles/cmTC_9ede6.dir/CMakeCCompilerABI.c.o' '-c' '-mtune=generic' '-march=x86-64' '-dumpdir' 'CMakeFiles/cmTC_9ede6.dir/'
 /home/slam327/anaconda3/envs/rosenv/bin/../lib/gcc/x86_64-conda-linux-gnu/11.2.0/../../../../x86_64-conda-linux-gnu/bin/as -v --64 -o CMakeFiles/cmTC_9ede6.dir/CMakeCCompilerABI.c.o /tmp/ccobTBrY.s
GNU assembler version 2.40 (x86_64-conda-linux-gnu) using BFD version (Anaconda binutils) 2.40
COMPILER_PATH=/home/slam327/anaconda3/envs/rosenv/bin/../libexec/gcc/x86_64-conda-linux-gnu/11.2.0/:/home/slam327/anaconda3/envs/rosenv/bin/../libexec/gcc/:/home/slam327/anaconda3/envs/rosenv/bin/../lib/gcc/x86_64-conda-linux-gnu/11.2.0/../../../../x86_64-conda-linux-gnu/bin/
LIBRARY_PATH=/home/slam327/anaconda3/envs/rosenv/bin/../lib/gcc/x86_64-conda-linux-gnu/11.2.0/:/home/slam327/anaconda3/envs/rosenv/bin/../lib/gcc/:/home/slam327/anaconda3/envs/rosenv/bin/../lib/gcc/x86_64-conda-linux-gnu/11.2.0/../../../../x86_64-conda-linux-gnu/lib/../lib64/:/home/slam327/anaconda3/envs/rosenv/bin/../x86_64-conda-linux-gnu/sysroot/lib/../lib64/:/home/slam327/anaconda3/envs/rosenv/bin/../x86_64-conda-linux-gnu/sysroot/usr/lib/../lib64/:/home/slam327/anaconda3/envs/rosenv/bin/../lib/gcc/x86_64-conda-linux-gnu/11.2.0/../../../../x86_64-conda-linux-gnu/lib/:/home/slam327/anaconda3/envs/rosenv/bin/../x86_64-conda-linux-gnu/sysroot/lib/:/home/slam327/anaconda3/envs/rosenv/bin/../x86_64-conda-linux-gnu/sysroot/usr/lib/
COLLECT_GCC_OPTIONS='-v' '-o' 'CMakeFiles/cmTC_9ede6.dir/CMakeCCompilerABI.c.o' '-c' '-mtune=generic' '-march=x86-64' '-dumpdir' 'CMakeFiles/cmTC_9ede6.dir/CMakeCCompilerABI.c.'
Linking C executable cmTC_9ede6
/usr/bin/cmake -E cmake_link_script CMakeFiles/cmTC_9ede6.dir/link.txt --verbose=1
/home/slam327/anaconda3/envs/rosenv/bin/cc     -v -rdynamic CMakeFiles/cmTC_9ede6.dir/CMakeCCompilerABI.c.o  -o cmTC_9ede6 
Reading specs from /home/slam327/anaconda3/envs/rosenv/bin/../lib/gcc/x86_64-conda-linux-gnu/11.2.0/specs
COLLECT_GCC=/home/slam327/anaconda3/envs/rosenv/bin/cc
COLLECT_LTO_WRAPPER=/home/slam327/anaconda3/envs/rosenv/bin/../libexec/gcc/x86_64-conda-linux-gnu/11.2.0/lto-wrapper
Target: x86_64-conda-linux-gnu
Configured with: /opt/conda/conda-bld/gcc-compiler_1654084175708/work/gcc/configure --build=x86_64-build_conda-linux-gnu --host=x86_64-build_conda-linux-gnu --target=x86_64-conda-linux-gnu --prefix=/opt/conda/conda-bld/gcc-compiler_1654084175708/work/gcc_built --exec_prefix=/opt/conda/conda-bld/gcc-compiler_1654084175708/work/gcc_built --with-sysroot=/opt/conda/conda-bld/gcc-compiler_1654084175708/work/gcc_built/x86_64-conda-linux-gnu/sysroot --with-local-prefix=/opt/conda/conda-bld/gcc-compiler_1654084175708/work/gcc_built/x86_64-conda-linux-gnu/sysroot --enable-long-long --disable-multilib --disable-nls --with-gmp=/opt/conda/conda-bld/gcc-compiler_1654084175708/work/buildtools --with-mpfr=/opt/conda/conda-bld/gcc-compiler_1654084175708/work/buildtools --with-mpc=/opt/conda/conda-bld/gcc-compiler_1654084175708/work/buildtools --with-isl=/opt/conda/conda-bld/gcc-compiler_1654084175708/work/buildtools --without-zstd --enable-languages=c,c++,fortran,objc,obj-c++ --enable-__cxa_atexit --disable-libmudflap --enable-libgomp --enable-libquadmath --enable-libquadmath-support --enable-libsanitizer --disable-libstdcxx-verbose --enable-lto --enable-libcc1 --enable-threads=posix --enable-plugin --with-pkgversion='Anaconda gcc' --enable-libmpx
Thread model: posix
Supported LTO compression algorithms: zlib
gcc version 11.2.0 (Anaconda gcc) 
COMPILER_PATH=/home/slam327/anaconda3/envs/rosenv/bin/../libexec/gcc/x86_64-conda-linux-gnu/11.2.0/:/home/slam327/anaconda3/envs/rosenv/bin/../libexec/gcc/:/home/slam327/anaconda3/envs/rosenv/bin/../lib/gcc/x86_64-conda-linux-gnu/11.2.0/../../../../x86_64-conda-linux-gnu/bin/
LIBRARY_PATH=/home/slam327/anaconda3/envs/rosenv/bin/../lib/gcc/x86_64-conda-linux-gnu/11.2.0/:/home/slam327/anaconda3/envs/rosenv/bin/../lib/gcc/:/home/slam327/anaconda3/envs/rosenv/bin/../lib/gcc/x86_64-conda-linux-gnu/11.2.0/../../../../x86_64-conda-linux-gnu/lib/../lib64/:/home/slam327/anaconda3/envs/rosenv/bin/../x86_64-conda-linux-gnu/sysroot/lib/../lib64/:/home/slam327/anaconda3/envs/rosenv/bin/../x86_64-conda-linux-gnu/sysroot/usr/lib/../lib64/:/home/slam327/anaconda3/envs/rosenv/bin/../lib/gcc/x86_64-conda-linux-gnu/11.2.0/../../../../x86_64-conda-linux-gnu/lib/:/home/slam327/anaconda3/envs/rosenv/bin/../x86_64-conda-linux-gnu/sysroot/lib/:/home/slam327/anaconda3/envs/rosenv/bin/../x86_64-conda-linux-gnu/sysroot/usr/lib/
COLLECT_GCC_OPTIONS='-v' '-rdynamic' '-o' 'cmTC_9ede6' '-mtune=generic' '-march=x86-64' '-dumpdir' 'cmTC_9ede6.'
 /home/slam327/anaconda3/envs/rosenv/bin/../libexec/gcc/x86_64-conda-linux-gnu/11.2.0/collect2 -plugin /home/slam327/anaconda3/envs/rosenv/bin/../libexec/gcc/x86_64-conda-linux-gnu/11.2.0/liblto_plugin.so -plugin-opt=/home/slam327/anaconda3/envs/rosenv/bin/../libexec/gcc/x86_64-conda-linux-gnu/11.2.0/lto-wrapper -plugin-opt=-fresolution=/tmp/ccE0Rcvq.res -plugin-opt=-pass-through=-lgcc -plugin-opt=-pass-through=-lgcc_s -plugin-opt=-pass-through=-lc -plugin-opt=-pass-through=-lgcc -plugin-opt=-pass-through=-lgcc_s --sysroot=/home/slam327/anaconda3/envs/rosenv/bin/../x86_64-conda-linux-gnu/sysroot --eh-frame-hdr -m elf_x86_64 -export-dynamic -dynamic-linker /lib64/ld-linux-x86-64.so.2 -o cmTC_9ede6 /home/slam327/anaconda3/envs/rosenv/bin/../x86_64-conda-linux-gnu/sysroot/usr/lib/../lib64/crt1.o /home/slam327/anaconda3/envs/rosenv/bin/../x86_64-conda-linux-gnu/sysroot/usr/lib/../lib64/crti.o /home/slam327/anaconda3/envs/rosenv/bin/../lib/gcc/x86_64-conda-linux-gnu/11.2.0/crtbegin.o -L/home/slam327/anaconda3/envs/rosenv/bin/../lib/gcc/x86_64-conda-linux-gnu/11.2.0 -L/home/slam327/anaconda3/envs/rosenv/bin/../lib/gcc -L/home/slam327/anaconda3/envs/rosenv/bin/../lib/gcc/x86_64-conda-linux-gnu/11.2.0/../../../../x86_64-conda-linux-gnu/lib/../lib64 -L/home/slam327/anaconda3/envs/rosenv/bin/../x86_64-conda-linux-gnu/sysroot/lib/../lib64 -L/home/slam327/anaconda3/envs/rosenv/bin/../x86_64-conda-linux-gnu/sysroot/usr/lib/../lib64 -L/home/slam327/anaconda3/envs/rosenv/bin/../lib/gcc/x86_64-conda-linux-gnu/11.2.0/../../../../x86_64-conda-linux-gnu/lib -L/home/slam327/anaconda3/envs/rosenv/bin/../x86_64-conda-linux-gnu/sysroot/lib -L/home/slam327/anaconda3/envs/rosenv/bin/../x86_64-conda-linux-gnu/sysroot/usr/lib -rpath /home/slam327/anaconda3/envs/rosenv/lib CMakeFiles/cmTC_9ede6.dir/CMakeCCompilerABI.c.o -lgcc --push-state --as-needed -lgcc_s --pop-state -lc -lgcc --push-state --as-needed -lgcc_s --pop-state /home/slam327/anaconda3/envs/rosenv/bin/../lib/gcc/x86_64-conda-linux-gnu/11.2.0/crtend.o /home/slam327/anaconda3/envs/rosenv/bin/../x86_64-conda-linux-gnu/sysroot/usr/lib/../lib64/crtn.o
COLLECT_GCC_OPTIONS='-v' '-rdynamic' '-o' 'cmTC_9ede6' '-mtune=generic' '-march=x86-64' '-dumpdir' 'cmTC_9ede6.'
make[1]: Leaving directory '/home/slam327/syn_ws/build/CMakeFiles/CMakeTmp'



Parsed C implicit include dir info from above output: rv=done
  found start of include info
  found start of implicit include info
    add: [/home/slam327/anaconda3/envs/rosenv/bin/../lib/gcc/x86_64-conda-linux-gnu/11.2.0/include]
    add: [/home/slam327/anaconda3/envs/rosenv/bin/../lib/gcc/x86_64-conda-linux-gnu/11.2.0/include-fixed]
    add: [/home/slam327/anaconda3/envs/rosenv/bin/../x86_64-conda-linux-gnu/sysroot/usr/include]
  end of search list found
  collapse include dir [/home/slam327/anaconda3/envs/rosenv/bin/../lib/gcc/x86_64-conda-linux-gnu/11.2.0/include] ==> [/home/slam327/anaconda3/envs/rosenv/lib/gcc/x86_64-conda-linux-gnu/11.2.0/include]
  collapse include dir [/home/slam327/anaconda3/envs/rosenv/bin/../lib/gcc/x86_64-conda-linux-gnu/11.2.0/include-fixed] ==> [/home/slam327/anaconda3/envs/rosenv/lib/gcc/x86_64-conda-linux-gnu/11.2.0/include-fixed]
  collapse include dir [/home/slam327/anaconda3/envs/rosenv/bin/../x86_64-conda-linux-gnu/sysroot/usr/include] ==> [/home/slam327/anaconda3/envs/rosenv/x86_64-conda-linux-gnu/sysroot/usr/include]
  implicit include dirs: [/home/slam327/anaconda3/envs/rosenv/lib/gcc/x86_64-conda-linux-gnu/11.2.0/include;/home/slam327/anaconda3/envs/rosenv/lib/gcc/x86_64-conda-linux-gnu/11.2.0/include-fixed;/home/slam327/anaconda3/envs/rosenv/x86_64-conda-linux-gnu/sysroot/usr/include]


Parsed C implicit link information from above output:
  link line regex: [^( *|.*[/\])(ld|CMAKE_LINK_STARTFILE-NOTFOUND|([^/\]+-)?ld|collect2)[^/\]*( |$)]
  ignore line: [Change Dir: /home/slam327/syn_ws/build/CMakeFiles/CMakeTmp]
  ignore line: []
  ignore line: [Run Build Command(s):/usr/bin/make cmTC_9ede6/fast && /usr/bin/make -f CMakeFiles/cmTC_9ede6.dir/build.make CMakeFiles/cmTC_9ede6.dir/build]
  ignore line: [make[1]: Entering directory '/home/slam327/syn_ws/build/CMakeFiles/CMakeTmp']
  ignore line: [Building C object CMakeFiles/cmTC_9ede6.dir/CMakeCCompilerABI.c.o]
  ignore line: [/home/slam327/anaconda3/envs/rosenv/bin/cc   -v -o CMakeFiles/cmTC_9ede6.dir/CMakeCCompilerABI.c.o   -c /usr/share/cmake-3.16/Modules/CMakeCCompilerABI.c]
  ignore line: [Reading specs from /home/slam327/anaconda3/envs/rosenv/bin/../lib/gcc/x86_64-conda-linux-gnu/11.2.0/specs]
  ignore line: [COLLECT_GCC=/home/slam327/anaconda3/envs/rosenv/bin/cc]
  ignore line: [Target: x86_64-conda-linux-gnu]
  ignore line: [Configured with: /opt/conda/conda-bld/gcc-compiler_1654084175708/work/gcc/configure --build=x86_64-build_conda-linux-gnu --host=x86_64-build_conda-linux-gnu --target=x86_64-conda-linux-gnu --prefix=/opt/conda/conda-bld/gcc-compiler_1654084175708/work/gcc_built --exec_prefix=/opt/conda/conda-bld/gcc-compiler_1654084175708/work/gcc_built --with-sysroot=/opt/conda/conda-bld/gcc-compiler_1654084175708/work/gcc_built/x86_64-conda-linux-gnu/sysroot --with-local-prefix=/opt/conda/conda-bld/gcc-compiler_1654084175708/work/gcc_built/x86_64-conda-linux-gnu/sysroot --enable-long-long --disable-multilib --disable-nls --with-gmp=/opt/conda/conda-bld/gcc-compiler_1654084175708/work/buildtools --with-mpfr=/opt/conda/conda-bld/gcc-compiler_1654084175708/work/buildtools --with-mpc=/opt/conda/conda-bld/gcc-compiler_1654084175708/work/buildtools --with-isl=/opt/conda/conda-bld/gcc-compiler_1654084175708/work/buildtools --without-zstd --enable-languages=c c++ fortran objc obj-c++ --enable-__cxa_atexit --disable-libmudflap --enable-libgomp --enable-libquadmath --enable-libquadmath-support --enable-libsanitizer --disable-libstdcxx-verbose --enable-lto --enable-libcc1 --enable-threads=posix --enable-plugin --with-pkgversion='Anaconda gcc' --enable-libmpx]
  ignore line: [Thread model: posix]
  ignore line: [Supported LTO compression algorithms: zlib]
  ignore line: [gcc version 11.2.0 (Anaconda gcc) ]
  ignore line: [COLLECT_GCC_OPTIONS='-v' '-o' 'CMakeFiles/cmTC_9ede6.dir/CMakeCCompilerABI.c.o' '-c' '-mtune=generic' '-march=x86-64' '-dumpdir' 'CMakeFiles/cmTC_9ede6.dir/']
  ignore line: [ /home/slam327/anaconda3/envs/rosenv/bin/../libexec/gcc/x86_64-conda-linux-gnu/11.2.0/cc1 -quiet -v -iprefix /home/slam327/anaconda3/envs/rosenv/bin/../lib/gcc/x86_64-conda-linux-gnu/11.2.0/ -isysroot /home/slam327/anaconda3/envs/rosenv/bin/../x86_64-conda-linux-gnu/sysroot /usr/share/cmake-3.16/Modules/CMakeCCompilerABI.c -quiet -dumpdir CMakeFiles/cmTC_9ede6.dir/ -dumpbase CMakeCCompilerABI.c.c -dumpbase-ext .c -mtune=generic -march=x86-64 -version -o /tmp/ccobTBrY.s]
  ignore line: [GNU C17 (Anaconda gcc) version 11.2.0 (x86_64-conda-linux-gnu)]
  ignore line: [	compiled by GNU C version 11.2.0  GMP version 6.2.1  MPFR version 4.1.0  MPC version 1.2.1  isl version isl-0.24-GMP]
  ignore line: []
  ignore line: [GGC heuristics: --param ggc-min-expand=100 --param ggc-min-heapsize=131072]
  ignore line: [ignoring nonexistent directory "/home/slam327/anaconda3/envs/rosenv/bin/../lib/gcc/x86_64-conda-linux-gnu/11.2.0/../../../../x86_64-conda-linux-gnu/include"]
  ignore line: [ignoring duplicate directory "/home/slam327/anaconda3/envs/rosenv/bin/../lib/gcc/../../lib/gcc/x86_64-conda-linux-gnu/11.2.0/include"]
  ignore line: [ignoring nonexistent directory "/home/slam327/anaconda3/envs/rosenv/bin/../x86_64-conda-linux-gnu/sysroot/opt/conda/conda-bld/gcc-compiler_1654084175708/work/gcc_built/x86_64-conda-linux-gnu/sysroot/include"]
  ignore line: [ignoring duplicate directory "/home/slam327/anaconda3/envs/rosenv/bin/../lib/gcc/../../lib/gcc/x86_64-conda-linux-gnu/11.2.0/include-fixed"]
  ignore line: [ignoring nonexistent directory "/home/slam327/anaconda3/envs/rosenv/bin/../lib/gcc/../../lib/gcc/x86_64-conda-linux-gnu/11.2.0/../../../../x86_64-conda-linux-gnu/include"]
  ignore line: [#include "..." search starts here:]
  ignore line: [#include <...> search starts here:]
  ignore line: [ /home/slam327/anaconda3/envs/rosenv/bin/../lib/gcc/x86_64-conda-linux-gnu/11.2.0/include]
  ignore line: [ /home/slam327/anaconda3/envs/rosenv/bin/../lib/gcc/x86_64-conda-linux-gnu/11.2.0/include-fixed]
  ignore line: [ /home/slam327/anaconda3/envs/rosenv/bin/../x86_64-conda-linux-gnu/sysroot/usr/include]
  ignore line: [End of search list.]
  ignore line: [GNU C17 (Anaconda gcc) version 11.2.0 (x86_64-conda-linux-gnu)]
  ignore line: [	compiled by GNU C version 11.2.0  GMP version 6.2.1  MPFR version 4.1.0  MPC version 1.2.1  isl version isl-0.24-GMP]
  ignore line: []
  ignore line: [GGC heuristics: --param ggc-min-expand=100 --param ggc-min-heapsize=131072]
  ignore line: [Compiler executable checksum: e1e0bc17a565350666787f1586df2119]
  ignore line: [COLLECT_GCC_OPTIONS='-v' '-o' 'CMakeFiles/cmTC_9ede6.dir/CMakeCCompilerABI.c.o' '-c' '-mtune=generic' '-march=x86-64' '-dumpdir' 'CMakeFiles/cmTC_9ede6.dir/']
  ignore line: [ /home/slam327/anaconda3/envs/rosenv/bin/../lib/gcc/x86_64-conda-linux-gnu/11.2.0/../../../../x86_64-conda-linux-gnu/bin/as -v --64 -o CMakeFiles/cmTC_9ede6.dir/CMakeCCompilerABI.c.o /tmp/ccobTBrY.s]
  ignore line: [GNU assembler version 2.40 (x86_64-conda-linux-gnu) using BFD version (Anaconda binutils) 2.40]
  ignore line: [COMPILER_PATH=/home/slam327/anaconda3/envs/rosenv/bin/../libexec/gcc/x86_64-conda-linux-gnu/11.2.0/:/home/slam327/anaconda3/envs/rosenv/bin/../libexec/gcc/:/home/slam327/anaconda3/envs/rosenv/bin/../lib/gcc/x86_64-conda-linux-gnu/11.2.0/../../../../x86_64-conda-linux-gnu/bin/]
  ignore line: [LIBRARY_PATH=/home/slam327/anaconda3/envs/rosenv/bin/../lib/gcc/x86_64-conda-linux-gnu/11.2.0/:/home/slam327/anaconda3/envs/rosenv/bin/../lib/gcc/:/home/slam327/anaconda3/envs/rosenv/bin/../lib/gcc/x86_64-conda-linux-gnu/11.2.0/../../../../x86_64-conda-linux-gnu/lib/../lib64/:/home/slam327/anaconda3/envs/rosenv/bin/../x86_64-conda-linux-gnu/sysroot/lib/../lib64/:/home/slam327/anaconda3/envs/rosenv/bin/../x86_64-conda-linux-gnu/sysroot/usr/lib/../lib64/:/home/slam327/anaconda3/envs/rosenv/bin/../lib/gcc/x86_64-conda-linux-gnu/11.2.0/../../../../x86_64-conda-linux-gnu/lib/:/home/slam327/anaconda3/envs/rosenv/bin/../x86_64-conda-linux-gnu/sysroot/lib/:/home/slam327/anaconda3/envs/rosenv/bin/../x86_64-conda-linux-gnu/sysroot/usr/lib/]
  ignore line: [COLLECT_GCC_OPTIONS='-v' '-o' 'CMakeFiles/cmTC_9ede6.dir/CMakeCCompilerABI.c.o' '-c' '-mtune=generic' '-march=x86-64' '-dumpdir' 'CMakeFiles/cmTC_9ede6.dir/CMakeCCompilerABI.c.']
  ignore line: [Linking C executable cmTC_9ede6]
  ignore line: [/usr/bin/cmake -E cmake_link_script CMakeFiles/cmTC_9ede6.dir/link.txt --verbose=1]
  ignore line: [/home/slam327/anaconda3/envs/rosenv/bin/cc     -v -rdynamic CMakeFiles/cmTC_9ede6.dir/CMakeCCompilerABI.c.o  -o cmTC_9ede6 ]
  ignore line: [Reading specs from /home/slam327/anaconda3/envs/rosenv/bin/../lib/gcc/x86_64-conda-linux-gnu/11.2.0/specs]
  ignore line: [COLLECT_GCC=/home/slam327/anaconda3/envs/rosenv/bin/cc]
  ignore line: [COLLECT_LTO_WRAPPER=/home/slam327/anaconda3/envs/rosenv/bin/../libexec/gcc/x86_64-conda-linux-gnu/11.2.0/lto-wrapper]
  ignore line: [Target: x86_64-conda-linux-gnu]
  ignore line: [Configured with: /opt/conda/conda-bld/gcc-compiler_1654084175708/work/gcc/configure --build=x86_64-build_conda-linux-gnu --host=x86_64-build_conda-linux-gnu --target=x86_64-conda-linux-gnu --prefix=/opt/conda/conda-bld/gcc-compiler_1654084175708/work/gcc_built --exec_prefix=/opt/conda/conda-bld/gcc-compiler_1654084175708/work/gcc_built --with-sysroot=/opt/conda/conda-bld/gcc-compiler_1654084175708/work/gcc_built/x86_64-conda-linux-gnu/sysroot --with-local-prefix=/opt/conda/conda-bld/gcc-compiler_1654084175708/work/gcc_built/x86_64-conda-linux-gnu/sysroot --enable-long-long --disable-multilib --disable-nls --with-gmp=/opt/conda/conda-bld/gcc-compiler_1654084175708/work/buildtools --with-mpfr=/opt/conda/conda-bld/gcc-compiler_1654084175708/work/buildtools --with-mpc=/opt/conda/conda-bld/gcc-compiler_1654084175708/work/buildtools --with-isl=/opt/conda/conda-bld/gcc-compiler_1654084175708/work/buildtools --without-zstd --enable-languages=c c++ fortran objc obj-c++ --enable-__cxa_atexit --disable-libmudflap --enable-libgomp --enable-libquadmath --enable-libquadmath-support --enable-libsanitizer --disable-libstdcxx-verbose --enable-lto --enable-libcc1 --enable-threads=posix --enable-plugin --with-pkgversion='Anaconda gcc' --enable-libmpx]
  ignore line: [Thread model: posix]
  ignore line: [Supported LTO compression algorithms: zlib]
  ignore line: [gcc version 11.2.0 (Anaconda gcc) ]
  ignore line: [COMPILER_PATH=/home/slam327/anaconda3/envs/rosenv/bin/../libexec/gcc/x86_64-conda-linux-gnu/11.2.0/:/home/slam327/anaconda3/envs/rosenv/bin/../libexec/gcc/:/home/slam327/anaconda3/envs/rosenv/bin/../lib/gcc/x86_64-conda-linux-gnu/11.2.0/../../../../x86_64-conda-linux-gnu/bin/]
  ignore line: [LIBRARY_PATH=/home/slam327/anaconda3/envs/rosenv/bin/../lib/gcc/x86_64-conda-linux-gnu/11.2.0/:/home/slam327/anaconda3/envs/rosenv/bin/../lib/gcc/:/home/slam327/anaconda3/envs/rosenv/bin/../lib/gcc/x86_64-conda-linux-gnu/11.2.0/../../../../x86_64-conda-linux-gnu/lib/../lib64/:/home/slam327/anaconda3/envs/rosenv/bin/../x86_64-conda-linux-gnu/sysroot/lib/../lib64/:/home/slam327/anaconda3/envs/rosenv/bin/../x86_64-conda-linux-gnu/sysroot/usr/lib/../lib64/:/home/slam327/anaconda3/envs/rosenv/bin/../lib/gcc/x86_64-conda-linux-gnu/11.2.0/../../../../x86_64-conda-linux-gnu/lib/:/home/slam327/anaconda3/envs/rosenv/bin/../x86_64-conda-linux-gnu/sysroot/lib/:/home/slam327/anaconda3/envs/rosenv/bin/../x86_64-conda-linux-gnu/sysroot/usr/lib/]
  ignore line: [COLLECT_GCC_OPTIONS='-v' '-rdynamic' '-o' 'cmTC_9ede6' '-mtune=generic' '-march=x86-64' '-dumpdir' 'cmTC_9ede6.']
  link line: [ /home/slam327/anaconda3/envs/rosenv/bin/../libexec/gcc/x86_64-conda-linux-gnu/11.2.0/collect2 -plugin /home/slam327/anaconda3/envs/rosenv/bin/../libexec/gcc/x86_64-conda-linux-gnu/11.2.0/liblto_plugin.so -plugin-opt=/home/slam327/anaconda3/envs/rosenv/bin/../libexec/gcc/x86_64-conda-linux-gnu/11.2.0/lto-wrapper -plugin-opt=-fresolution=/tmp/ccE0Rcvq.res -plugin-opt=-pass-through=-lgcc -plugin-opt=-pass-through=-lgcc_s -plugin-opt=-pass-through=-lc -plugin-opt=-pass-through=-lgcc -plugin-opt=-pass-through=-lgcc_s --sysroot=/home/slam327/anaconda3/envs/rosenv/bin/../x86_64-conda-linux-gnu/sysroot --eh-frame-hdr -m elf_x86_64 -export-dynamic -dynamic-linker /lib64/ld-linux-x86-64.so.2 -o cmTC_9ede6 /home/slam327/anaconda3/envs/rosenv/bin/../x86_64-conda-linux-gnu/sysroot/usr/lib/../lib64/crt1.o /home/slam327/anaconda3/envs/rosenv/bin/../x86_64-conda-linux-gnu/sysroot/usr/lib/../lib64/crti.o /home/slam327/anaconda3/envs/rosenv/bin/../lib/gcc/x86_64-conda-linux-gnu/11.2.0/crtbegin.o -L/home/slam327/anaconda3/envs/rosenv/bin/../lib/gcc/x86_64-conda-linux-gnu/11.2.0 -L/home/slam327/anaconda3/envs/rosenv/bin/../lib/gcc -L/home/slam327/anaconda3/envs/rosenv/bin/../lib/gcc/x86_64-conda-linux-gnu/11.2.0/../../../../x86_64-conda-linux-gnu/lib/../lib64 -L/home/slam327/anaconda3/envs/rosenv/bin/../x86_64-conda-linux-gnu/sysroot/lib/../lib64 -L/home/slam327/anaconda3/envs/rosenv/bin/../x86_64-conda-linux-gnu/sysroot/usr/lib/../lib64 -L/home/slam327/anaconda3/envs/rosenv/bin/../lib/gcc/x86_64-conda-linux-gnu/11.2.0/../../../../x86_64-conda-linux-gnu/lib -L/home/slam327/anaconda3/envs/rosenv/bin/../x86_64-conda-linux-gnu/sysroot/lib -L/home/slam327/anaconda3/envs/rosenv/bin/../x86_64-conda-linux-gnu/sysroot/usr/lib -rpath /home/slam327/anaconda3/envs/rosenv/lib CMakeFiles/cmTC_9ede6.dir/CMakeCCompilerABI.c.o -lgcc --push-state --as-needed -lgcc_s --pop-state -lc -lgcc --push-state --as-needed -lgcc_s --pop-state /home/slam327/anaconda3/envs/rosenv/bin/../lib/gcc/x86_64-conda-linux-gnu/11.2.0/crtend.o /home/slam327/anaconda3/envs/rosenv/bin/../x86_64-conda-linux-gnu/sysroot/usr/lib/../lib64/crtn.o]
    arg [/home/slam327/anaconda3/envs/rosenv/bin/../libexec/gcc/x86_64-conda-linux-gnu/11.2.0/collect2] ==> ignore
    arg [-plugin] ==> ignore
    arg [/home/slam327/anaconda3/envs/rosenv/bin/../libexec/gcc/x86_64-conda-linux-gnu/11.2.0/liblto_plugin.so] ==> ignore
    arg [-plugin-opt=/home/slam327/anaconda3/envs/rosenv/bin/../libexec/gcc/x86_64-conda-linux-gnu/11.2.0/lto-wrapper] ==> ignore
    arg [-plugin-opt=-fresolution=/tmp/ccE0Rcvq.res] ==> ignore
    arg [-plugin-opt=-pass-through=-lgcc] ==> ignore
    arg [-plugin-opt=-pass-through=-lgcc_s] ==> ignore
    arg [-plugin-opt=-pass-through=-lc] ==> ignore
    arg [-plugin-opt=-pass-through=-lgcc] ==> ignore
    arg [-plugin-opt=-pass-through=-lgcc_s] ==> ignore
    arg [--sysroot=/home/slam327/anaconda3/envs/rosenv/bin/../x86_64-conda-linux-gnu/sysroot] ==> ignore
    arg [--eh-frame-hdr] ==> ignore
    arg [-m] ==> ignore
    arg [elf_x86_64] ==> ignore
    arg [-export-dynamic] ==> ignore
    arg [-dynamic-linker] ==> ignore
    arg [/lib64/ld-linux-x86-64.so.2] ==> ignore
    arg [-o] ==> ignore
    arg [cmTC_9ede6] ==> ignore
    arg [/home/slam327/anaconda3/envs/rosenv/bin/../x86_64-conda-linux-gnu/sysroot/usr/lib/../lib64/crt1.o] ==> ignore
    arg [/home/slam327/anaconda3/envs/rosenv/bin/../x86_64-conda-linux-gnu/sysroot/usr/lib/../lib64/crti.o] ==> ignore
    arg [/home/slam327/anaconda3/envs/rosenv/bin/../lib/gcc/x86_64-conda-linux-gnu/11.2.0/crtbegin.o] ==> ignore
    arg [-L/home/slam327/anaconda3/envs/rosenv/bin/../lib/gcc/x86_64-conda-linux-gnu/11.2.0] ==> dir [/home/slam327/anaconda3/envs/rosenv/bin/../lib/gcc/x86_64-conda-linux-gnu/11.2.0]
    arg [-L/home/slam327/anaconda3/envs/rosenv/bin/../lib/gcc] ==> dir [/home/slam327/anaconda3/envs/rosenv/bin/../lib/gcc]
    arg [-L/home/slam327/anaconda3/envs/rosenv/bin/../lib/gcc/x86_64-conda-linux-gnu/11.2.0/../../../../x86_64-conda-linux-gnu/lib/../lib64] ==> dir [/home/slam327/anaconda3/envs/rosenv/bin/../lib/gcc/x86_64-conda-linux-gnu/11.2.0/../../../../x86_64-conda-linux-gnu/lib/../lib64]
    arg [-L/home/slam327/anaconda3/envs/rosenv/bin/../x86_64-conda-linux-gnu/sysroot/lib/../lib64] ==> dir [/home/slam327/anaconda3/envs/rosenv/bin/../x86_64-conda-linux-gnu/sysroot/lib/../lib64]
    arg [-L/home/slam327/anaconda3/envs/rosenv/bin/../x86_64-conda-linux-gnu/sysroot/usr/lib/../lib64] ==> dir [/home/slam327/anaconda3/envs/rosenv/bin/../x86_64-conda-linux-gnu/sysroot/usr/lib/../lib64]
    arg [-L/home/slam327/anaconda3/envs/rosenv/bin/../lib/gcc/x86_64-conda-linux-gnu/11.2.0/../../../../x86_64-conda-linux-gnu/lib] ==> dir [/home/slam327/anaconda3/envs/rosenv/bin/../lib/gcc/x86_64-conda-linux-gnu/11.2.0/../../../../x86_64-conda-linux-gnu/lib]
    arg [-L/home/slam327/anaconda3/envs/rosenv/bin/../x86_64-conda-linux-gnu/sysroot/lib] ==> dir [/home/slam327/anaconda3/envs/rosenv/bin/../x86_64-conda-linux-gnu/sysroot/lib]
    arg [-L/home/slam327/anaconda3/envs/rosenv/bin/../x86_64-conda-linux-gnu/sysroot/usr/lib] ==> dir [/home/slam327/anaconda3/envs/rosenv/bin/../x86_64-conda-linux-gnu/sysroot/usr/lib]
    arg [-rpath] ==> ignore
    arg [/home/slam327/anaconda3/envs/rosenv/lib] ==> ignore
    arg [CMakeFiles/cmTC_9ede6.dir/CMakeCCompilerABI.c.o] ==> ignore
    arg [-lgcc] ==> lib [gcc]
    arg [--push-state] ==> ignore
    arg [--as-needed] ==> ignore
    arg [-lgcc_s] ==> lib [gcc_s]
    arg [--pop-state] ==> ignore
    arg [-lc] ==> lib [c]
    arg [-lgcc] ==> lib [gcc]
    arg [--push-state] ==> ignore
    arg [--as-needed] ==> ignore
    arg [-lgcc_s] ==> lib [gcc_s]
    arg [--pop-state] ==> ignore
    arg [/home/slam327/anaconda3/envs/rosenv/bin/../lib/gcc/x86_64-conda-linux-gnu/11.2.0/crtend.o] ==> ignore
    arg [/home/slam327/anaconda3/envs/rosenv/bin/../x86_64-conda-linux-gnu/sysroot/usr/lib/../lib64/crtn.o] ==> ignore
  collapse library dir [/home/slam327/anaconda3/envs/rosenv/bin/../lib/gcc/x86_64-conda-linux-gnu/11.2.0] ==> [/home/slam327/anaconda3/envs/rosenv/lib/gcc/x86_64-conda-linux-gnu/11.2.0]
  collapse library dir [/home/slam327/anaconda3/envs/rosenv/bin/../lib/gcc] ==> [/home/slam327/anaconda3/envs/rosenv/lib/gcc]
  collapse library dir [/home/slam327/anaconda3/envs/rosenv/bin/../lib/gcc/x86_64-conda-linux-gnu/11.2.0/../../../../x86_64-conda-linux-gnu/lib/../lib64] ==> [/home/slam327/anaconda3/envs/rosenv/x86_64-conda-linux-gnu/lib64]
  collapse library dir [/home/slam327/anaconda3/envs/rosenv/bin/../x86_64-conda-linux-gnu/sysroot/lib/../lib64] ==> [/home/slam327/anaconda3/envs/rosenv/x86_64-conda-linux-gnu/sysroot/lib64]
  collapse library dir [/home/slam327/anaconda3/envs/rosenv/bin/../x86_64-conda-linux-gnu/sysroot/usr/lib/../lib64] ==> [/home/slam327/anaconda3/envs/rosenv/x86_64-conda-linux-gnu/sysroot/usr/lib64]
  collapse library dir [/home/slam327/anaconda3/envs/rosenv/bin/../lib/gcc/x86_64-conda-linux-gnu/11.2.0/../../../../x86_64-conda-linux-gnu/lib] ==> [/home/slam327/anaconda3/envs/rosenv/x86_64-conda-linux-gnu/lib]
  collapse library dir [/home/slam327/anaconda3/envs/rosenv/bin/../x86_64-conda-linux-gnu/sysroot/lib] ==> [/home/slam327/anaconda3/envs/rosenv/x86_64-conda-linux-gnu/sysroot/lib]
  collapse library dir [/home/slam327/anaconda3/envs/rosenv/bin/../x86_64-conda-linux-gnu/sysroot/usr/lib] ==> [/home/slam327/anaconda3/envs/rosenv/x86_64-conda-linux-gnu/sysroot/usr/lib]
  implicit libs: [gcc;gcc_s;c;gcc;gcc_s]
  implicit dirs: [/home/slam327/anaconda3/envs/rosenv/lib/gcc/x86_64-conda-linux-gnu/11.2.0;/home/slam327/anaconda3/envs/rosenv/lib/gcc;/home/slam327/anaconda3/envs/rosenv/x86_64-conda-linux-gnu/lib64;/home/slam327/anaconda3/envs/rosenv/x86_64-conda-linux-gnu/sysroot/lib64;/home/slam327/anaconda3/envs/rosenv/x86_64-conda-linux-gnu/sysroot/usr/lib64;/home/slam327/anaconda3/envs/rosenv/x86_64-conda-linux-gnu/lib;/home/slam327/anaconda3/envs/rosenv/x86_64-conda-linux-gnu/sysroot/lib;/home/slam327/anaconda3/envs/rosenv/x86_64-conda-linux-gnu/sysroot/usr/lib]
  implicit fwks: []


Determining if the CXX compiler works passed with the following output:
Change Dir: /home/slam327/syn_ws/build/CMakeFiles/CMakeTmp

Run Build Command(s):/usr/bin/make cmTC_8f8c7/fast && /usr/bin/make -f CMakeFiles/cmTC_8f8c7.dir/build.make CMakeFiles/cmTC_8f8c7.dir/build
make[1]: 进入目录“/home/slam327/syn_ws/build/CMakeFiles/CMakeTmp”
Building CXX object CMakeFiles/cmTC_8f8c7.dir/testCXXCompiler.cxx.o
/usr/bin/c++     -o CMakeFiles/cmTC_8f8c7.dir/testCXXCompiler.cxx.o -c /home/slam327/syn_ws/build/CMakeFiles/CMakeTmp/testCXXCompiler.cxx
Linking CXX executable cmTC_8f8c7
/usr/bin/cmake -E cmake_link_script CMakeFiles/cmTC_8f8c7.dir/link.txt --verbose=1
/usr/bin/c++       -rdynamic CMakeFiles/cmTC_8f8c7.dir/testCXXCompiler.cxx.o  -o cmTC_8f8c7 
make[1]: 离开目录“/home/slam327/syn_ws/build/CMakeFiles/CMakeTmp”



Detecting CXX compiler ABI info compiled with the following output:
Change Dir: /home/slam327/syn_ws/build/CMakeFiles/CMakeTmp

Run Build Command(s):/usr/bin/make cmTC_f3e2f/fast && /usr/bin/make -f CMakeFiles/cmTC_f3e2f.dir/build.make CMakeFiles/cmTC_f3e2f.dir/build
make[1]: Entering directory '/home/slam327/syn_ws/build/CMakeFiles/CMakeTmp'
Building CXX object CMakeFiles/cmTC_f3e2f.dir/CMakeCXXCompilerABI.cpp.o
/usr/bin/c++    -v -o CMakeFiles/cmTC_f3e2f.dir/CMakeCXXCompilerABI.cpp.o -c /usr/share/cmake-3.16/Modules/CMakeCXXCompilerABI.cpp
Using built-in specs.
COLLECT_GCC=/usr/bin/c++
OFFLOAD_TARGET_NAMES=nvptx-none:hsa
OFFLOAD_TARGET_DEFAULT=1
Target: x86_64-linux-gnu
Configured with: ../src/configure -v --with-pkgversion='Ubuntu 9.4.0-1ubuntu1~20.04.2' --with-bugurl=file:///usr/share/doc/gcc-9/README.Bugs --enable-languages=c,ada,c++,go,brig,d,fortran,objc,obj-c++,gm2 --prefix=/usr --with-gcc-major-version-only --program-suffix=-9 --program-prefix=x86_64-linux-gnu- --enable-shared --enable-linker-build-id --libexecdir=/usr/lib --without-included-gettext --enable-threads=posix --libdir=/usr/lib --enable-nls --enable-clocale=gnu --enable-libstdcxx-debug --enable-libstdcxx-time=yes --with-default-libstdcxx-abi=new --enable-gnu-unique-object --disable-vtable-verify --enable-plugin --enable-default-pie --with-system-zlib --with-target-system-zlib=auto --enable-objc-gc=auto --enable-multiarch --disable-werror --with-arch-32=i686 --with-abi=m64 --with-multilib-list=m32,m64,mx32 --enable-multilib --with-tune=generic --enable-offload-targets=nvptx-none=/build/gcc-9-9QDOt0/gcc-9-9.4.0/debian/tmp-nvptx/usr,hsa --without-cuda-driver --enable-checking=release --build=x86_64-linux-gnu --host=x86_64-linux-gnu --target=x86_64-linux-gnu
Thread model: posix
gcc version 9.4.0 (Ubuntu 9.4.0-1ubuntu1~20.04.2) 
COLLECT_GCC_OPTIONS='-v' '-o' 'CMakeFiles/cmTC_f3e2f.dir/CMakeCXXCompilerABI.cpp.o' '-c' '-shared-libgcc' '-mtune=generic' '-march=x86-64'
 /usr/lib/gcc/x86_64-linux-gnu/9/cc1plus -quiet -v -imultiarch x86_64-linux-gnu -D_GNU_SOURCE /usr/share/cmake-3.16/Modules/CMakeCXXCompilerABI.cpp -quiet -dumpbase CMakeCXXCompilerABI.cpp -mtune=generic -march=x86-64 -auxbase-strip CMakeFiles/cmTC_f3e2f.dir/CMakeCXXCompilerABI.cpp.o -version -fasynchronous-unwind-tables -fstack-protector-strong -Wformat -Wformat-security -fstack-clash-protection -fcf-protection -o /tmp/ccKvEqiU.s
GNU C++14 (Ubuntu 9.4.0-1ubuntu1~20.04.2) version 9.4.0 (x86_64-linux-gnu)
	compiled by GNU C version 9.4.0, GMP version 6.2.0, MPFR version 4.0.2, MPC version 1.1.0, isl version isl-0.22.1-GMP

GGC heuristics: --param ggc-min-expand=100 --param ggc-min-heapsize=131072
ignoring duplicate directory "/usr/include/x86_64-linux-gnu/c++/9"
ignoring nonexistent directory "/usr/local/include/x86_64-linux-gnu"
ignoring nonexistent directory "/usr/lib/gcc/x86_64-linux-gnu/9/include-fixed"
ignoring nonexistent directory "/usr/lib/gcc/x86_64-linux-gnu/9/../../../../x86_64-linux-gnu/include"
#include "..." search starts here:
#include <...> search starts here:
 /usr/include/c++/9
 /usr/include/x86_64-linux-gnu/c++/9
 /usr/include/c++/9/backward
 /usr/lib/gcc/x86_64-linux-gnu/9/include
 /usr/local/include
 /usr/include/x86_64-linux-gnu
 /usr/include
End of search list.
GNU C++14 (Ubuntu 9.4.0-1ubuntu1~20.04.2) version 9.4.0 (x86_64-linux-gnu)
	compiled by GNU C version 9.4.0, GMP version 6.2.0, MPFR version 4.0.2, MPC version 1.1.0, isl version isl-0.22.1-GMP

GGC heuristics: --param ggc-min-expand=100 --param ggc-min-heapsize=131072
Compiler executable checksum: 3d1eba838554fa2348dba760e4770469
COLLECT_GCC_OPTIONS='-v' '-o' 'CMakeFiles/cmTC_f3e2f.dir/CMakeCXXCompilerABI.cpp.o' '-c' '-shared-libgcc' '-mtune=generic' '-march=x86-64'
 as -v --64 -o CMakeFiles/cmTC_f3e2f.dir/CMakeCXXCompilerABI.cpp.o /tmp/ccKvEqiU.s
GNU assembler version 2.34 (x86_64-linux-gnu) using BFD version (GNU Binutils for Ubuntu) 2.34
COMPILER_PATH=/usr/lib/gcc/x86_64-linux-gnu/9/:/usr/lib/gcc/x86_64-linux-gnu/9/:/usr/lib/gcc/x86_64-linux-gnu/:/usr/lib/gcc/x86_64-linux-gnu/9/:/usr/lib/gcc/x86_64-linux-gnu/
LIBRARY_PATH=/usr/lib/gcc/x86_64-linux-gnu/9/:/usr/lib/gcc/x86_64-linux-gnu/9/../../../x86_64-linux-gnu/:/usr/lib/gcc/x86_64-linux-gnu/9/../../../../lib/:/lib/x86_64-linux-gnu/:/lib/../lib/:/usr/lib/x86_64-linux-gnu/:/usr/lib/../lib/:/usr/lib/gcc/x86_64-linux-gnu/9/../../../:/lib/:/usr/lib/
COLLECT_GCC_OPTIONS='-v' '-o' 'CMakeFiles/cmTC_f3e2f.dir/CMakeCXXCompilerABI.cpp.o' '-c' '-shared-libgcc' '-mtune=generic' '-march=x86-64'
Linking CXX executable cmTC_f3e2f
/usr/bin/cmake -E cmake_link_script CMakeFiles/cmTC_f3e2f.dir/link.txt --verbose=1
/usr/bin/c++      -v -rdynamic CMakeFiles/cmTC_f3e2f.dir/CMakeCXXCompilerABI.cpp.o  -o cmTC_f3e2f 
Using built-in specs.
COLLECT_GCC=/usr/bin/c++
COLLECT_LTO_WRAPPER=/usr/lib/gcc/x86_64-linux-gnu/9/lto-wrapper
OFFLOAD_TARGET_NAMES=nvptx-none:hsa
OFFLOAD_TARGET_DEFAULT=1
Target: x86_64-linux-gnu
Configured with: ../src/configure -v --with-pkgversion='Ubuntu 9.4.0-1ubuntu1~20.04.2' --with-bugurl=file:///usr/share/doc/gcc-9/README.Bugs --enable-languages=c,ada,c++,go,brig,d,fortran,objc,obj-c++,gm2 --prefix=/usr --with-gcc-major-version-only --program-suffix=-9 --program-prefix=x86_64-linux-gnu- --enable-shared --enable-linker-build-id --libexecdir=/usr/lib --without-included-gettext --enable-threads=posix --libdir=/usr/lib --enable-nls --enable-clocale=gnu --enable-libstdcxx-debug --enable-libstdcxx-time=yes --with-default-libstdcxx-abi=new --enable-gnu-unique-object --disable-vtable-verify --enable-plugin --enable-default-pie --with-system-zlib --with-target-system-zlib=auto --enable-objc-gc=auto --enable-multiarch --disable-werror --with-arch-32=i686 --with-abi=m64 --with-multilib-list=m32,m64,mx32 --enable-multilib --with-tune=generic --enable-offload-targets=nvptx-none=/build/gcc-9-9QDOt0/gcc-9-9.4.0/debian/tmp-nvptx/usr,hsa --without-cuda-driver --enable-checking=release --build=x86_64-linux-gnu --host=x86_64-linux-gnu --target=x86_64-linux-gnu
Thread model: posix
gcc version 9.4.0 (Ubuntu 9.4.0-1ubuntu1~20.04.2) 
COMPILER_PATH=/usr/lib/gcc/x86_64-linux-gnu/9/:/usr/lib/gcc/x86_64-linux-gnu/9/:/usr/lib/gcc/x86_64-linux-gnu/:/usr/lib/gcc/x86_64-linux-gnu/9/:/usr/lib/gcc/x86_64-linux-gnu/
LIBRARY_PATH=/usr/lib/gcc/x86_64-linux-gnu/9/:/usr/lib/gcc/x86_64-linux-gnu/9/../../../x86_64-linux-gnu/:/usr/lib/gcc/x86_64-linux-gnu/9/../../../../lib/:/lib/x86_64-linux-gnu/:/lib/../lib/:/usr/lib/x86_64-linux-gnu/:/usr/lib/../lib/:/usr/lib/gcc/x86_64-linux-gnu/9/../../../:/lib/:/usr/lib/
COLLECT_GCC_OPTIONS='-v' '-rdynamic' '-o' 'cmTC_f3e2f' '-shared-libgcc' '-mtune=generic' '-march=x86-64'
 /usr/lib/gcc/x86_64-linux-gnu/9/collect2 -plugin /usr/lib/gcc/x86_64-linux-gnu/9/liblto_plugin.so -plugin-opt=/usr/lib/gcc/x86_64-linux-gnu/9/lto-wrapper -plugin-opt=-fresolution=/tmp/ccsmVr4j.res -plugin-opt=-pass-through=-lgcc_s -plugin-opt=-pass-through=-lgcc -plugin-opt=-pass-through=-lc -plugin-opt=-pass-through=-lgcc_s -plugin-opt=-pass-through=-lgcc --build-id --eh-frame-hdr -m elf_x86_64 --hash-style=gnu --as-needed -export-dynamic -dynamic-linker /lib64/ld-linux-x86-64.so.2 -pie -z now -z relro -o cmTC_f3e2f /usr/lib/gcc/x86_64-linux-gnu/9/../../../x86_64-linux-gnu/Scrt1.o /usr/lib/gcc/x86_64-linux-gnu/9/../../../x86_64-linux-gnu/crti.o /usr/lib/gcc/x86_64-linux-gnu/9/crtbeginS.o -L/usr/lib/gcc/x86_64-linux-gnu/9 -L/usr/lib/gcc/x86_64-linux-gnu/9/../../../x86_64-linux-gnu -L/usr/lib/gcc/x86_64-linux-gnu/9/../../../../lib -L/lib/x86_64-linux-gnu -L/lib/../lib -L/usr/lib/x86_64-linux-gnu -L/usr/lib/../lib -L/usr/lib/gcc/x86_64-linux-gnu/9/../../.. CMakeFiles/cmTC_f3e2f.dir/CMakeCXXCompilerABI.cpp.o -lstdc++ -lm -lgcc_s -lgcc -lc -lgcc_s -lgcc /usr/lib/gcc/x86_64-linux-gnu/9/crtendS.o /usr/lib/gcc/x86_64-linux-gnu/9/../../../x86_64-linux-gnu/crtn.o
COLLECT_GCC_OPTIONS='-v' '-rdynamic' '-o' 'cmTC_f3e2f' '-shared-libgcc' '-mtune=generic' '-march=x86-64'
make[1]: Leaving directory '/home/slam327/syn_ws/build/CMakeFiles/CMakeTmp'



Parsed CXX implicit include dir info from above output: rv=done
  found start of include info
  found start of implicit include info
    add: [/usr/include/c++/9]
    add: [/usr/include/x86_64-linux-gnu/c++/9]
    add: [/usr/include/c++/9/backward]
    add: [/usr/lib/gcc/x86_64-linux-gnu/9/include]
    add: [/usr/local/include]
    add: [/usr/include/x86_64-linux-gnu]
    add: [/usr/include]
  end of search list found
  collapse include dir [/usr/include/c++/9] ==> [/usr/include/c++/9]
  collapse include dir [/usr/include/x86_64-linux-gnu/c++/9] ==> [/usr/include/x86_64-linux-gnu/c++/9]
  collapse include dir [/usr/include/c++/9/backward] ==> [/usr/include/c++/9/backward]
  collapse include dir [/usr/lib/gcc/x86_64-linux-gnu/9/include] ==> [/usr/lib/gcc/x86_64-linux-gnu/9/include]
  collapse include dir [/usr/local/include] ==> [/usr/local/include]
  collapse include dir [/usr/include/x86_64-linux-gnu] ==> [/usr/include/x86_64-linux-gnu]
  collapse include dir [/usr/include] ==> [/usr/include]
  implicit include dirs: [/usr/include/c++/9;/usr/include/x86_64-linux-gnu/c++/9;/usr/include/c++/9/backward;/usr/lib/gcc/x86_64-linux-gnu/9/include;/usr/local/include;/usr/include/x86_64-linux-gnu;/usr/include]


Parsed CXX implicit link information from above output:
  link line regex: [^( *|.*[/\])(ld|CMAKE_LINK_STARTFILE-NOTFOUND|([^/\]+-)?ld|collect2)[^/\]*( |$)]
  ignore line: [Change Dir: /home/slam327/syn_ws/build/CMakeFiles/CMakeTmp]
  ignore line: []
  ignore line: [Run Build Command(s):/usr/bin/make cmTC_f3e2f/fast && /usr/bin/make -f CMakeFiles/cmTC_f3e2f.dir/build.make CMakeFiles/cmTC_f3e2f.dir/build]
  ignore line: [make[1]: Entering directory '/home/slam327/syn_ws/build/CMakeFiles/CMakeTmp']
  ignore line: [Building CXX object CMakeFiles/cmTC_f3e2f.dir/CMakeCXXCompilerABI.cpp.o]
  ignore line: [/usr/bin/c++    -v -o CMakeFiles/cmTC_f3e2f.dir/CMakeCXXCompilerABI.cpp.o -c /usr/share/cmake-3.16/Modules/CMakeCXXCompilerABI.cpp]
  ignore line: [Using built-in specs.]
  ignore line: [COLLECT_GCC=/usr/bin/c++]
  ignore line: [OFFLOAD_TARGET_NAMES=nvptx-none:hsa]
  ignore line: [OFFLOAD_TARGET_DEFAULT=1]
  ignore line: [Target: x86_64-linux-gnu]
  ignore line: [Configured with: ../src/configure -v --with-pkgversion='Ubuntu 9.4.0-1ubuntu1~20.04.2' --with-bugurl=file:///usr/share/doc/gcc-9/README.Bugs --enable-languages=c ada c++ go brig d fortran objc obj-c++ gm2 --prefix=/usr --with-gcc-major-version-only --program-suffix=-9 --program-prefix=x86_64-linux-gnu- --enable-shared --enable-linker-build-id --libexecdir=/usr/lib --without-included-gettext --enable-threads=posix --libdir=/usr/lib --enable-nls --enable-clocale=gnu --enable-libstdcxx-debug --enable-libstdcxx-time=yes --with-default-libstdcxx-abi=new --enable-gnu-unique-object --disable-vtable-verify --enable-plugin --enable-default-pie --with-system-zlib --with-target-system-zlib=auto --enable-objc-gc=auto --enable-multiarch --disable-werror --with-arch-32=i686 --with-abi=m64 --with-multilib-list=m32 m64 mx32 --enable-multilib --with-tune=generic --enable-offload-targets=nvptx-none=/build/gcc-9-9QDOt0/gcc-9-9.4.0/debian/tmp-nvptx/usr hsa --without-cuda-driver --enable-checking=release --build=x86_64-linux-gnu --host=x86_64-linux-gnu --target=x86_64-linux-gnu]
  ignore line: [Thread model: posix]
  ignore line: [gcc version 9.4.0 (Ubuntu 9.4.0-1ubuntu1~20.04.2) ]
  ignore line: [COLLECT_GCC_OPTIONS='-v' '-o' 'CMakeFiles/cmTC_f3e2f.dir/CMakeCXXCompilerABI.cpp.o' '-c' '-shared-libgcc' '-mtune=generic' '-march=x86-64']
  ignore line: [ /usr/lib/gcc/x86_64-linux-gnu/9/cc1plus -quiet -v -imultiarch x86_64-linux-gnu -D_GNU_SOURCE /usr/share/cmake-3.16/Modules/CMakeCXXCompilerABI.cpp -quiet -dumpbase CMakeCXXCompilerABI.cpp -mtune=generic -march=x86-64 -auxbase-strip CMakeFiles/cmTC_f3e2f.dir/CMakeCXXCompilerABI.cpp.o -version -fasynchronous-unwind-tables -fstack-protector-strong -Wformat -Wformat-security -fstack-clash-protection -fcf-protection -o /tmp/ccKvEqiU.s]
  ignore line: [GNU C++14 (Ubuntu 9.4.0-1ubuntu1~20.04.2) version 9.4.0 (x86_64-linux-gnu)]
  ignore line: [	compiled by GNU C version 9.4.0  GMP version 6.2.0  MPFR version 4.0.2  MPC version 1.1.0  isl version isl-0.22.1-GMP]
  ignore line: []
  ignore line: [GGC heuristics: --param ggc-min-expand=100 --param ggc-min-heapsize=131072]
  ignore line: [ignoring duplicate directory "/usr/include/x86_64-linux-gnu/c++/9"]
  ignore line: [ignoring nonexistent directory "/usr/local/include/x86_64-linux-gnu"]
  ignore line: [ignoring nonexistent directory "/usr/lib/gcc/x86_64-linux-gnu/9/include-fixed"]
  ignore line: [ignoring nonexistent directory "/usr/lib/gcc/x86_64-linux-gnu/9/../../../../x86_64-linux-gnu/include"]
  ignore line: [#include "..." search starts here:]
  ignore line: [#include <...> search starts here:]
  ignore line: [ /usr/include/c++/9]
  ignore line: [ /usr/include/x86_64-linux-gnu/c++/9]
  ignore line: [ /usr/include/c++/9/backward]
  ignore line: [ /usr/lib/gcc/x86_64-linux-gnu/9/include]
  ignore line: [ /usr/local/include]
  ignore line: [ /usr/include/x86_64-linux-gnu]
  ignore line: [ /usr/include]
  ignore line: [End of search list.]
  ignore line: [GNU C++14 (Ubuntu 9.4.0-1ubuntu1~20.04.2) version 9.4.0 (x86_64-linux-gnu)]
  ignore line: [	compiled by GNU C version 9.4.0  GMP version 6.2.0  MPFR version 4.0.2  MPC version 1.1.0  isl version isl-0.22.1-GMP]
  ignore line: []
  ignore line: [GGC heuristics: --param ggc-min-expand=100 --param ggc-min-heapsize=131072]
  ignore line: [Compiler executable checksum: 3d1eba838554fa2348dba760e4770469]
  ignore line: [COLLECT_GCC_OPTIONS='-v' '-o' 'CMakeFiles/cmTC_f3e2f.dir/CMakeCXXCompilerABI.cpp.o' '-c' '-shared-libgcc' '-mtune=generic' '-march=x86-64']
  ignore line: [ as -v --64 -o CMakeFiles/cmTC_f3e2f.dir/CMakeCXXCompilerABI.cpp.o /tmp/ccKvEqiU.s]
  ignore line: [GNU assembler version 2.34 (x86_64-linux-gnu) using BFD version (GNU Binutils for Ubuntu) 2.34]
  ignore line: [COMPILER_PATH=/usr/lib/gcc/x86_64-linux-gnu/9/:/usr/lib/gcc/x86_64-linux-gnu/9/:/usr/lib/gcc/x86_64-linux-gnu/:/usr/lib/gcc/x86_64-linux-gnu/9/:/usr/lib/gcc/x86_64-linux-gnu/]
  ignore line: [LIBRARY_PATH=/usr/lib/gcc/x86_64-linux-gnu/9/:/usr/lib/gcc/x86_64-linux-gnu/9/../../../x86_64-linux-gnu/:/usr/lib/gcc/x86_64-linux-gnu/9/../../../../lib/:/lib/x86_64-linux-gnu/:/lib/../lib/:/usr/lib/x86_64-linux-gnu/:/usr/lib/../lib/:/usr/lib/gcc/x86_64-linux-gnu/9/../../../:/lib/:/usr/lib/]
  ignore line: [COLLECT_GCC_OPTIONS='-v' '-o' 'CMakeFiles/cmTC_f3e2f.dir/CMakeCXXCompilerABI.cpp.o' '-c' '-shared-libgcc' '-mtune=generic' '-march=x86-64']
  ignore line: [Linking CXX executable cmTC_f3e2f]
  ignore line: [/usr/bin/cmake -E cmake_link_script CMakeFiles/cmTC_f3e2f.dir/link.txt --verbose=1]
  ignore line: [/usr/bin/c++      -v -rdynamic CMakeFiles/cmTC_f3e2f.dir/CMakeCXXCompilerABI.cpp.o  -o cmTC_f3e2f ]
  ignore line: [Using built-in specs.]
  ignore line: [COLLECT_GCC=/usr/bin/c++]
  ignore line: [COLLECT_LTO_WRAPPER=/usr/lib/gcc/x86_64-linux-gnu/9/lto-wrapper]
  ignore line: [OFFLOAD_TARGET_NAMES=nvptx-none:hsa]
  ignore line: [OFFLOAD_TARGET_DEFAULT=1]
  ignore line: [Target: x86_64-linux-gnu]
  ignore line: [Configured with: ../src/configure -v --with-pkgversion='Ubuntu 9.4.0-1ubuntu1~20.04.2' --with-bugurl=file:///usr/share/doc/gcc-9/README.Bugs --enable-languages=c ada c++ go brig d fortran objc obj-c++ gm2 --prefix=/usr --with-gcc-major-version-only --program-suffix=-9 --program-prefix=x86_64-linux-gnu- --enable-shared --enable-linker-build-id --libexecdir=/usr/lib --without-included-gettext --enable-threads=posix --libdir=/usr/lib --enable-nls --enable-clocale=gnu --enable-libstdcxx-debug --enable-libstdcxx-time=yes --with-default-libstdcxx-abi=new --enable-gnu-unique-object --disable-vtable-verify --enable-plugin --enable-default-pie --with-system-zlib --with-target-system-zlib=auto --enable-objc-gc=auto --enable-multiarch --disable-werror --with-arch-32=i686 --with-abi=m64 --with-multilib-list=m32 m64 mx32 --enable-multilib --with-tune=generic --enable-offload-targets=nvptx-none=/build/gcc-9-9QDOt0/gcc-9-9.4.0/debian/tmp-nvptx/usr hsa --without-cuda-driver --enable-checking=release --build=x86_64-linux-gnu --host=x86_64-linux-gnu --target=x86_64-linux-gnu]
  ignore line: [Thread model: posix]
  ignore line: [gcc version 9.4.0 (Ubuntu 9.4.0-1ubuntu1~20.04.2) ]
  ignore line: [COMPILER_PATH=/usr/lib/gcc/x86_64-linux-gnu/9/:/usr/lib/gcc/x86_64-linux-gnu/9/:/usr/lib/gcc/x86_64-linux-gnu/:/usr/lib/gcc/x86_64-linux-gnu/9/:/usr/lib/gcc/x86_64-linux-gnu/]
  ignore line: [LIBRARY_PATH=/usr/lib/gcc/x86_64-linux-gnu/9/:/usr/lib/gcc/x86_64-linux-gnu/9/../../../x86_64-linux-gnu/:/usr/lib/gcc/x86_64-linux-gnu/9/../../../../lib/:/lib/x86_64-linux-gnu/:/lib/../lib/:/usr/lib/x86_64-linux-gnu/:/usr/lib/../lib/:/usr/lib/gcc/x86_64-linux-gnu/9/../../../:/lib/:/usr/lib/]
  ignore line: [COLLECT_GCC_OPTIONS='-v' '-rdynamic' '-o' 'cmTC_f3e2f' '-shared-libgcc' '-mtune=generic' '-march=x86-64']
  link line: [ /usr/lib/gcc/x86_64-linux-gnu/9/collect2 -plugin /usr/lib/gcc/x86_64-linux-gnu/9/liblto_plugin.so -plugin-opt=/usr/lib/gcc/x86_64-linux-gnu/9/lto-wrapper -plugin-opt=-fresolution=/tmp/ccsmVr4j.res -plugin-opt=-pass-through=-lgcc_s -plugin-opt=-pass-through=-lgcc -plugin-opt=-pass-through=-lc -plugin-opt=-pass-through=-lgcc_s -plugin-opt=-pass-through=-lgcc --build-id --eh-frame-hdr -m elf_x86_64 --hash-style=gnu --as-needed -export-dynamic -dynamic-linker /lib64/ld-linux-x86-64.so.2 -pie -z now -z relro -o cmTC_f3e2f /usr/lib/gcc/x86_64-linux-gnu/9/../../../x86_64-linux-gnu/Scrt1.o /usr/lib/gcc/x86_64-linux-gnu/9/../../../x86_64-linux-gnu/crti.o /usr/lib/gcc/x86_64-linux-gnu/9/crtbeginS.o -L/usr/lib/gcc/x86_64-linux-gnu/9 -L/usr/lib/gcc/x86_64-linux-gnu/9/../../../x86_64-linux-gnu -L/usr/lib/gcc/x86_64-linux-gnu/9/../../../../lib -L/lib/x86_64-linux-gnu -L/lib/../lib -L/usr/lib/x86_64-linux-gnu -L/usr/lib/../lib -L/usr/lib/gcc/x86_64-linux-gnu/9/../../.. CMakeFiles/cmTC_f3e2f.dir/CMakeCXXCompilerABI.cpp.o -lstdc++ -lm -lgcc_s -lgcc -lc -lgcc_s -lgcc /usr/lib/gcc/x86_64-linux-gnu/9/crtendS.o /usr/lib/gcc/x86_64-linux-gnu/9/../../../x86_64-linux-gnu/crtn.o]
    arg [/usr/lib/gcc/x86_64-linux-gnu/9/collect2] ==> ignore
    arg [-plugin] ==> ignore
    arg [/usr/lib/gcc/x86_64-linux-gnu/9/liblto_plugin.so] ==> ignore
    arg [-plugin-opt=/usr/lib/gcc/x86_64-linux-gnu/9/lto-wrapper] ==> ignore
    arg [-plugin-opt=-fresolution=/tmp/ccsmVr4j.res] ==> ignore
    arg [-plugin-opt=-pass-through=-lgcc_s] ==> ignore
    arg [-plugin-opt=-pass-through=-lgcc] ==> ignore
    arg [-plugin-opt=-pass-through=-lc] ==> ignore
    arg [-plugin-opt=-pass-through=-lgcc_s] ==> ignore
    arg [-plugin-opt=-pass-through=-lgcc] ==> ignore
    arg [--build-id] ==> ignore
    arg [--eh-frame-hdr] ==> ignore
    arg [-m] ==> ignore
    arg [elf_x86_64] ==> ignore
    arg [--hash-style=gnu] ==> ignore
    arg [--as-needed] ==> ignore
    arg [-export-dynamic] ==> ignore
    arg [-dynamic-linker] ==> ignore
    arg [/lib64/ld-linux-x86-64.so.2] ==> ignore
    arg [-pie] ==> ignore
    arg [-znow] ==> ignore
    arg [-zrelro] ==> ignore
    arg [-o] ==> ignore
    arg [cmTC_f3e2f] ==> ignore
    arg [/usr/lib/gcc/x86_64-linux-gnu/9/../../../x86_64-linux-gnu/Scrt1.o] ==> ignore
    arg [/usr/lib/gcc/x86_64-linux-gnu/9/../../../x86_64-linux-gnu/crti.o] ==> ignore
    arg [/usr/lib/gcc/x86_64-linux-gnu/9/crtbeginS.o] ==> ignore
    arg [-L/usr/lib/gcc/x86_64-linux-gnu/9] ==> dir [/usr/lib/gcc/x86_64-linux-gnu/9]
    arg [-L/usr/lib/gcc/x86_64-linux-gnu/9/../../../x86_64-linux-gnu] ==> dir [/usr/lib/gcc/x86_64-linux-gnu/9/../../../x86_64-linux-gnu]
    arg [-L/usr/lib/gcc/x86_64-linux-gnu/9/../../../../lib] ==> dir [/usr/lib/gcc/x86_64-linux-gnu/9/../../../../lib]
    arg [-L/lib/x86_64-linux-gnu] ==> dir [/lib/x86_64-linux-gnu]
    arg [-L/lib/../lib] ==> dir [/lib/../lib]
    arg [-L/usr/lib/x86_64-linux-gnu] ==> dir [/usr/lib/x86_64-linux-gnu]
    arg [-L/usr/lib/../lib] ==> dir [/usr/lib/../lib]
    arg [-L/usr/lib/gcc/x86_64-linux-gnu/9/../../..] ==> dir [/usr/lib/gcc/x86_64-linux-gnu/9/../../..]
    arg [CMakeFiles/cmTC_f3e2f.dir/CMakeCXXCompilerABI.cpp.o] ==> ignore
    arg [-lstdc++] ==> lib [stdc++]
    arg [-lm] ==> lib [m]
    arg [-lgcc_s] ==> lib [gcc_s]
    arg [-lgcc] ==> lib [gcc]
    arg [-lc] ==> lib [c]
    arg [-lgcc_s] ==> lib [gcc_s]
    arg [-lgcc] ==> lib [gcc]
    arg [/usr/lib/gcc/x86_64-linux-gnu/9/crtendS.o] ==> ignore
    arg [/usr/lib/gcc/x86_64-linux-gnu/9/../../../x86_64-linux-gnu/crtn.o] ==> ignore
  collapse library dir [/usr/lib/gcc/x86_64-linux-gnu/9] ==> [/usr/lib/gcc/x86_64-linux-gnu/9]
  collapse library dir [/usr/lib/gcc/x86_64-linux-gnu/9/../../../x86_64-linux-gnu] ==> [/usr/lib/x86_64-linux-gnu]
  collapse library dir [/usr/lib/gcc/x86_64-linux-gnu/9/../../../../lib] ==> [/usr/lib]
  collapse library dir [/lib/x86_64-linux-gnu] ==> [/lib/x86_64-linux-gnu]
  collapse library dir [/lib/../lib] ==> [/lib]
  collapse library dir [/usr/lib/x86_64-linux-gnu] ==> [/usr/lib/x86_64-linux-gnu]
  collapse library dir [/usr/lib/../lib] ==> [/usr/lib]
  collapse library dir [/usr/lib/gcc/x86_64-linux-gnu/9/../../..] ==> [/usr/lib]
  implicit libs: [stdc++;m;gcc_s;gcc;c;gcc_s;gcc]
  implicit dirs: [/usr/lib/gcc/x86_64-linux-gnu/9;/usr/lib/x86_64-linux-gnu;/usr/lib;/lib/x86_64-linux-gnu;/lib]
  implicit fwks: []


Determining if the include file pthread.h exists passed with the following output:
Change Dir: /home/slam327/syn_ws/build/CMakeFiles/CMakeTmp

Run Build Command(s):/usr/bin/make cmTC_705ee/fast && /usr/bin/make -f CMakeFiles/cmTC_705ee.dir/build.make CMakeFiles/cmTC_705ee.dir/build
make[1]: 进入目录“/home/slam327/syn_ws/build/CMakeFiles/CMakeTmp”
Building C object CMakeFiles/cmTC_705ee.dir/CheckIncludeFile.c.o
/home/slam327/anaconda3/envs/rosenv/bin/cc    -o CMakeFiles/cmTC_705ee.dir/CheckIncludeFile.c.o   -c /home/slam327/syn_ws/build/CMakeFiles/CMakeTmp/CheckIncludeFile.c
Linking C executable cmTC_705ee
/usr/bin/cmake -E cmake_link_script CMakeFiles/cmTC_705ee.dir/link.txt --verbose=1
/home/slam327/anaconda3/envs/rosenv/bin/cc      -rdynamic CMakeFiles/cmTC_705ee.dir/CheckIncludeFile.c.o  -o cmTC_705ee 
make[1]: 离开目录“/home/slam327/syn_ws/build/CMakeFiles/CMakeTmp”



Determining if the function pthread_create exists in the pthread passed with the following output:
Change Dir: /home/slam327/syn_ws/build/CMakeFiles/CMakeTmp

Run Build Command(s):/usr/bin/make cmTC_6c5dc/fast && /usr/bin/make -f CMakeFiles/cmTC_6c5dc.dir/build.make CMakeFiles/cmTC_6c5dc.dir/build
make[1]: 进入目录“/home/slam327/syn_ws/build/CMakeFiles/CMakeTmp”
Building C object CMakeFiles/cmTC_6c5dc.dir/CheckFunctionExists.c.o
/home/slam327/anaconda3/envs/rosenv/bin/cc   -DCHECK_FUNCTION_EXISTS=pthread_create   -o CMakeFiles/cmTC_6c5dc.dir/CheckFunctionExists.c.o   -c /usr/share/cmake-3.16/Modules/CheckFunctionExists.c
Linking C executable cmTC_6c5dc
/usr/bin/cmake -E cmake_link_script CMakeFiles/cmTC_6c5dc.dir/link.txt --verbose=1
/home/slam327/anaconda3/envs/rosenv/bin/cc  -DCHECK_FUNCTION_EXISTS=pthread_create    -rdynamic CMakeFiles/cmTC_6c5dc.dir/CheckFunctionExists.c.o  -o cmTC_6c5dc  -lpthread 
make[1]: 离开目录“/home/slam327/syn_ws/build/CMakeFiles/CMakeTmp”



